<?xml version="1.0" encoding="UTF-8"?>
<testsuite name="run.halo.app.model.properties.PropertyEnumTest" tests="1" skipped="0" failures="0" errors="0" timestamp="2020-04-28T04:02:22" hostname="wqian-PC" time="0.001">
  <properties/>
  <testcase name="getValuePropertyMapTest" classname="run.halo.app.model.properties.PropertyEnumTest" time="0.001"/>
  <system-out><![CDATA[?[2m2020-04-28 12:02:22.442?[0;39m ?[32mDEBUG?[0;39m ?[35m15320?[0;39m ?[2m---?[0;39m ?[2m[    Test worker]?[0;39m ?[36mr.h.a.model.properties.PropertyEnumTest ?[0;39m ?[2m:?[0;39m {email_ssl_port=SSL_PORT, oss_qiniu_zone=ZONE, email_enabled=ENABLED, statistics_code=STATISTICS_CODE, api_token=API_TOKEN, email_protocol=PROTOCOL, comment_api_enabled=API_ENABLED, oss_aliyun_access_key=OSS_ACCESS_KEY, blog_title=BLOG_TITLE, comment_content_placeholder=CONTENT_PLACEHOLDER, oss_upyun_small_url=OSS_SMALL_URL, email_password=PASSWORD, seo_verification_baidu=VERIFICATION_BAIDU, email_from_name=FROM_NAME, seo_description=DESCRIPTION, blog_logo=BLOG_LOGO, comment_pass_notice=PASS_NOTICE, blog_footer_info=BLOG_FOOTER_INFO, oss_qiniu_secret_key=SECRET_KEY, oss_upyun_password=OSS_PASSWORD, seo_verification_qihu=VERIFICATION_QIHU, spider_disabled=SPIDER_DISABLED, oss_qiniu_access_key=ACCESS_KEY, comment_custom_style=CUSTOM_STYLE, blog_favicon=BLOG_FAVICON, oss_upyun_domain=OSS_DOMAIN, is_installed=IS_INSTALLED, oss_aliyun_bucket_name=OSS_BUCKET_NAME, comment_page_size=PAGE_SIZE, attachment_type=ATTACHMENT_TYPE, comment_reply_notice=REPLY_NOTICE, seo_verification_bing=VERIFICATION_BING, oss_upyun_source=OSS_SOURCE, seo_keywords=KEYWORDS, birthday=BIRTHDAY, comment_new_notice=NEW_NOTICE, blog_locale=BLOG_LOCALE, blog_url=BLOG_URL, oss_aliyun_endpoint=OSS_ENDPOINT, seo_baidu_token=BAIDU_TOKEN, rss_page_size=RSS_PAGE_SIZE, oss_qiniu_small_url=SMALL_URL, theme=THEME, oss_upyun_bucket=OSS_BUCKET, oss_aliyun_access_secret=OSS_ACCESS_SECRET, oss_qiniu_domain=DOMAIN, api_enabled=API_ENABLED, post_index_page_size=INDEX_PAGE_SIZE, email_username=USERNAME, oss_qiniu_bucket=BUCKET, comment_new_need_check=NEW_NEED_CHECK, comment_gavatar_default=GAVATAR_DEFAULT, seo_verification_google=VERIFICATION_GOOGLE, oss_upyun_operator=OSS_OPERATOR, post_summary_length=SUMMARY_LENGTH, email_host=HOST}
]]></system-out>
  <system-err><![CDATA[]]></system-err>
</testsuite>
