<?xml version="1.0" encoding="UTF-8"?>
<testsuite name="run.halo.app.utils.YamlTest" tests="3" skipped="0" failures="0" errors="0" timestamp="2020-04-28T04:02:35" hostname="wqian-PC" time="0.014">
  <properties/>
  <testcase name="readYamlTest" classname="run.halo.app.utils.YamlTest" time="0.004"/>
  <testcase name="convertYamlTest" classname="run.halo.app.utils.YamlTest" time="0.005"/>
  <testcase name="readAnotherYamlTest" classname="run.halo.app.utils.YamlTest" time="0.004"/>
  <system-out><![CDATA[]]></system-out>
  <system-err><![CDATA[]]></system-err>
</testsuite>
