<?xml version="1.0" encoding="UTF-8"?>
<testsuite name="run.halo.app.utils.BeanUtilsTest" tests="3" skipped="0" failures="0" errors="0" timestamp="2020-04-28T04:02:35" hostname="wqian-PC" time="0.017">
  <properties/>
  <testcase name="transformFrom" classname="run.halo.app.utils.BeanUtilsTest" time="0.014"/>
  <testcase name="transformFromInBatch" classname="run.halo.app.utils.BeanUtilsTest" time="0.002"/>
  <testcase name="updateProperties" classname="run.halo.app.utils.BeanUtilsTest" time="0.001"/>
  <system-out><![CDATA[]]></system-out>
  <system-err><![CDATA[]]></system-err>
</testsuite>
