<?xml version="1.0" encoding="UTF-8"?>
<testsuite name="run.halo.app.utils.HaloUtilsTest" tests="3" skipped="0" failures="0" errors="0" timestamp="2020-04-28T04:02:35" hostname="wqian-PC" time="0.026">
  <properties/>
  <testcase name="timeFormatTest" classname="run.halo.app.utils.HaloUtilsTest" time="0.001"/>
  <testcase name="pluralizeTest" classname="run.halo.app.utils.HaloUtilsTest" time="0.025"/>
  <testcase name="pluralizeLabelExceptionTest" classname="run.halo.app.utils.HaloUtilsTest" time="0.0"/>
  <system-out><![CDATA[]]></system-out>
  <system-err><![CDATA[]]></system-err>
</testsuite>
