<?xml version="1.0" encoding="UTF-8"?>
<testsuite name="run.halo.app.model.dto.base.OutputConverterTest" tests="2" skipped="0" failures="0" errors="0" timestamp="2020-04-28T04:02:05" hostname="wqian-PC" time="0.016">
  <properties/>
  <testcase name="convertFromSubTest" classname="run.halo.app.model.dto.base.OutputConverterTest" time="0.016"/>
  <testcase name="convertFromTest" classname="run.halo.app.model.dto.base.OutputConverterTest" time="0.0"/>
  <system-out><![CDATA[]]></system-out>
  <system-err><![CDATA[]]></system-err>
</testsuite>
