<?xml version="1.0" encoding="UTF-8"?>
<testsuite name="run.halo.app.handler.theme.YamlThemePropertyResolverTest" tests="1" skipped="0" failures="0" errors="0" timestamp="2020-04-28T04:02:04" hostname="wqian-PC" time="0.154">
  <properties/>
  <testcase name="directResolveTest" classname="run.halo.app.handler.theme.YamlThemePropertyResolverTest" time="0.154"/>
  <system-out><![CDATA[ThemeProperty(id=viosey_material, name=Material, website=https://github.com/viosey/hexo-theme-material, description=Nature, Pure | 原质，纯粹, logo=https://avatars0.githubusercontent.com/u/8141232?s=460&v=4, version=1.0, author=ThemeProperty.Author(name=Viosey, website=https://viosey.com, avatar=null), themePath=null, folderName=null, hasOptions=false, isActivated=false, screenshots=null)
]]></system-out>
  <system-err><![CDATA[]]></system-err>
</testsuite>
